ÖÜÒ» 8ÔÂ 3 18:09:37 2020
":prepare\r"
"  tool version: 3.0.0\r"
"  Param{srcApkPath:'C:/Users/Administrator/Desktop/app1-release.apk', fixedApkPath:'C:/Users/Administrator/Desktop/app3-release.apk', patchOut:'D:/rexiufudemo', signFilePath:'D:/rexiufudemo/rexiufudemo.jks', signFilePass:'*****', signAlias:'*****', signAliasPass:'*****', filterClzPath:'null', resPath:'D:/rexiufudemo\\cache\\patch\\', resIdPath:'D:/rexiufudemo\\cache\\patch\\overlay_map.txt', reserveTempDir:false, forceColdFix:true, ignoreSo:false, multiThread:true, steadyCompareRes:false, checkAppRef:true, application:'com.example.rexiufudemo.MyApplication'}\r"
":prepare 252ms\r"
":unzip\r"
":unzip 625ms\r"
":copyResource\r"
"  changed:D:/rexiufudemo\\cache\\patch\\\r"
":copyResource 27ms\r"
":compareLib\r"
":compareLib 5ms\r"
":zipResource\r"
"  resDir:D:\\rexiufudemo\\working\\resources\r"
"  resSize:5KB\r"
":zipResource 10ms\r"
":scanBaseApk\r"
"  dex files size:1\r"
":scanBaseApk 62ms\r"
":scanFixApk\r"
"  dex files size:1\r"
":scanFixApk 7ms\r"
":parseFilter\r"
":parseFilter 0ms\r"
":compareClasses\r"
"  resItems:[{\"origin\":\"0x7f09001c\",\"overlay\":\"0x66010000\"}]\r"
"  resIdItems:{2131296284:1711341568}\r"
"  jobs:6\r"
"  replace method Lcom/example/rexiufudemo/MainActivity;:onCreate 'const p1, 0x7f09001c' -> 'const p1, 0x66010000'\r"
"  replace field Lcom/example/rexiufudemo/R$layout;:activity_main '2131296284' -> '1711341568'\r"
"  diff:(CLZ_MODIFY) Class:Lcom/example/rexiufudemo/R$layout; Fields:[(FID_MOD_INIT) Lcom/example/rexiufudemo/R$layout;->activity_main:I] Methods:[]\r"
"  diff:(CLZ_MODIFY) Class:Lcom/example/rexiufudemo/MainActivity; Fields:[] Methods:[(MET_MOD_IMPL) Lcom/example/rexiufudemo/MainActivity;->click(Landroid/view/View;)V, (MET_MOD_IMPL) Lcom/example/rexiufudemo/MainActivity;->onCreate(Landroid/os/Bundle;)V]\r"
":compareClasses 1534ms\r"
":checkApplication\r"
"  isSteadyApplication:true allApplicationClassDefMap:[Lcom/example/rexiufudemo/MyApplication;, Lcom/taobao/sophix/SophixApplication;]\r"
"  checkDexBackedMethod:Lcom/taobao/sophix/SophixApplication;->onCreate()V\r"
"  checkDexBackedMethod:Lcom/example/rexiufudemo/MyApplication;->attachBaseContext(Landroid/content/Context;)V\r"
"  checkDexBackedMethod:Lcom/example/rexiufudemo/MyApplication;->onCreate()V\r"
"  checkDexBackedMethod:Lcom/example/rexiufudemo/MyApplication;-><init>()V\r"
"  checkDexBackedMethod:Lcom/taobao/sophix/SophixApplication;-><init>()V\r"
"  checkDexBackedMethod:Lcom/example/rexiufudemo/MyApplication;->initSophix()V\r"
":checkApplication 2ms\r"
":judgeHotfix\r"
"  user select force coldfix\r"
"  supportHotfix:false\r"
":judgeHotfix 0ms\r"
":baksmaliDiffClasses\r"
"  baksmali class:Lcom/example/rexiufudemo/R$layout;\r"
"  baksmali class:Lcom/example/rexiufudemo/MainActivity;\r"
"  replace file:MainActivity.smali 'const p1, 0x7f09001c' -> 'const p1, 0x66010000'\r"
":baksmaliDiffClasses 18ms\r"
":checkReference\r"
":checkReference 0ms\r"
":smaliDiffClasses\r"
"  dexSize:3KB\r"
":smaliDiffClasses 107ms\r"
":buildPatchDex\r"
"  manifest:PatchAttribute{hasDex=true, supportHotfix=false, systemReferences='', hasResFound=true, libPath=''}\r"
"  current time:20200803 18:09:42\r"
":buildPatchDex 164ms\r"
":aesEncrypt\r"
"  skip\r"
":aesEncrypt 0ms\r"
"\r"
"Patch path:D:\\rexiufudemo\\sophix-patch.jar\r"
"Patch size:6KB\r"
"\r"
"Total time:2814ms\r"
"\r"
"BUILD SUCCESS\r"
